<?xml version="1.0" encoding="UTF-8"?>
<!-- Generated by org.testng.reporters.JUnitReportReporter -->
<testsuite hostname="STI-D01-PRAKAS" name="TestCases.TestCases" tests="10" failures="0" timestamp="29 Aug 2017 13:45:03 GMT" time="245.685" errors="0">
  <testcase name="TC_005" time="20.052" classname="TestCases.TestCases"/>
  <testcase name="TC_001" time="25.941" classname="TestCases.TestCases"/>
  <testcase name="TC_004" time="20.823" classname="TestCases.TestCases"/>
  <testcase name="TC_002" time="28.562" classname="TestCases.TestCases"/>
  <testcase name="TC_004" time="17.573" classname="TestCases.TestCases"/>
  <testcase name="TC_005" time="19.058" classname="TestCases.TestCases"/>
  <testcase name="TC_001" time="18.269" classname="TestCases.TestCases"/>
  <testcase name="TC_003" time="22.848" classname="TestCases.TestCases"/>
  <testcase name="TC_003" time="31.751" classname="TestCases.TestCases"/>
  <testcase name="TC_002" time="40.808" classname="TestCases.TestCases"/>
</testsuite> <!-- TestCases.TestCases -->
