<?xml version="1.0" encoding="UTF-8"?>
<!-- Generated by org.testng.reporters.JUnitReportReporter -->
<testsuite hostname="STI-D01-PRAKAS" name="TestCases.TestCases" tests="10" failures="0" timestamp="29 Aug 2017 14:53:48 GMT" time="252.901" errors="0">
  <testcase name="TC_001" time="25.898" classname="TestCases.TestCases"/>
  <testcase name="TC_002" time="25.334" classname="TestCases.TestCases"/>
  <testcase name="TC_004" time="25.504" classname="TestCases.TestCases"/>
  <testcase name="TC_005" time="23.236" classname="TestCases.TestCases"/>
  <testcase name="TC_003" time="36.436" classname="TestCases.TestCases"/>
  <testcase name="TC_004" time="22.887" classname="TestCases.TestCases"/>
  <testcase name="TC_005" time="20.237" classname="TestCases.TestCases"/>
  <testcase name="TC_002" time="26.405" classname="TestCases.TestCases"/>
  <testcase name="TC_003" time="28.482" classname="TestCases.TestCases"/>
  <testcase name="TC_001" time="18.482" classname="TestCases.TestCases"/>
</testsuite> <!-- TestCases.TestCases -->
