<?xml version="1.0" encoding="UTF-8"?>
<!-- Generated by org.testng.reporters.JUnitReportReporter -->
<testsuite hostname="STI-D01-PRAKAS" name="LaunchScript.LaunchScript" tests="1" failures="0" timestamp="29 Aug 2017 14:53:48 GMT" time="131.466" errors="0">
  <testcase name="Launch" time="131.466" classname="LaunchScript.LaunchScript"/>
</testsuite> <!-- LaunchScript.LaunchScript -->
