<?xml version="1.0" encoding="UTF-8"?>
<!-- Generated by org.testng.reporters.JUnitReportReporter -->
<testsuite hostname="STI-D01-PRAKAS" name="TestCases.TestAppiumGrid" tests="1" failures="0" timestamp="1 Jun 2017 09:04:33 GMT" time="29.000" errors="0">
  <testcase name="test" time="29.000" classname="TestCases.TestAppiumGrid"/>
</testsuite> <!-- TestCases.TestAppiumGrid -->
